Using pre-set license
Built from '2020.3/staging' branch; Version is '2020.3.11f1 (99c7afb366b3) revision 10078127'; Using compiler version '192528614'; Build Type 'Release'
OS: 'Windows 10 Pro; OS build 19042.1052; Version 2009; 64bit' Language: 'es' Physical Memory: 16333 MB
BatchMode: 1, IsHumanControllingUs: 0, StartBugReporterOnCrash: 0, Is64bit: 1, IsPro: 0

 COMMAND LINE ARGUMENTS:
C:\Program Files\Unity\Hub\Editor\2020.3.11f1\Editor\Unity.exe
-adb2
-batchMode
-noUpm
-name
AssetImportWorker0
-projectPath
D:/Io/Learning videojocs/Mis juegos/Desarrollo/Unity/PlatformGame/Project/PlatformGame
-logFile
Logs/AssetImportWorker0.log
-srvPort
61420
Successfully changed project path to: D:/Io/Learning videojocs/Mis juegos/Desarrollo/Unity/PlatformGame/Project/PlatformGame
D:/Io/Learning videojocs/Mis juegos/Desarrollo/Unity/PlatformGame/Project/PlatformGame
Using Asset Import Pipeline V2.
Refreshing native plugins compatible for Editor in 39.66 ms, found 3 plugins.
Preloading 0 native plugins for Editor in 0.00 ms.
Initialize engine version: 2020.3.11f1 (99c7afb366b3)
[Subsystems] Discovering subsystems at path C:/Program Files/Unity/Hub/Editor/2020.3.11f1/Editor/Data/Resources/UnitySubsystems
[Subsystems] Discovering subsystems at path D:/Io/Learning videojocs/Mis juegos/Desarrollo/Unity/PlatformGame/Project/PlatformGame/Assets
GfxDevice: creating device client; threaded=0
Direct3D:
    Version:  Direct3D 11.0 [level 11.1]
    Renderer: NVIDIA GeForce RTX 2070 SUPER (ID=0x1e84)
    Vendor:   
    VRAM:     8011 MB
    Driver:   27.21.14.5167
Initialize mono
Mono path[0] = 'C:/Program Files/Unity/Hub/Editor/2020.3.11f1/Editor/Data/Managed'
Mono path[1] = 'C:/Program Files/Unity/Hub/Editor/2020.3.11f1/Editor/Data/MonoBleedingEdge/lib/mono/unityjit'
Mono config path = 'C:/Program Files/Unity/Hub/Editor/2020.3.11f1/Editor/Data/MonoBleedingEdge/etc'
Using monoOptions --debugger-agent=transport=dt_socket,embedding=1,server=y,suspend=n,address=127.0.0.1:56016
Begin MonoManager ReloadAssembly
Registering precompiled unity dll's ...
Register platform support module: C:/Program Files/Unity/Hub/Editor/2020.3.11f1/Editor/Data/PlaybackEngines/WindowsStandaloneSupport/UnityEditor.WindowsStandalone.Extensions.dll
Registered in 0.001867 seconds.
Native extension for WindowsStandalone target not found
Refreshing native plugins compatible for Editor in 38.29 ms, found 3 plugins.
Preloading 0 native plugins for Editor in 0.00 ms.
Mono: successfully reloaded assembly
- Completed reload, in  0.936 seconds
Platform modules already initialized, skipping
Registering precompiled user dll's ...
Registered in 0.004295 seconds.
Begin MonoManager ReloadAssembly
Native extension for WindowsStandalone target not found
Refreshing native plugins compatible for Editor in 37.93 ms, found 3 plugins.
Preloading 0 native plugins for Editor in 0.00 ms.
Mono: successfully reloaded assembly
- Completed reload, in  0.917 seconds
Platform modules already initialized, skipping
========================================================================
Worker process is ready to serve import requests
Launched and connected shader compiler UnityShaderCompiler.exe after 0.04 seconds
Refreshing native plugins compatible for Editor in 0.51 ms, found 3 plugins.
Preloading 0 native plugins for Editor in 0.00 ms.
Unloading 2097 Unused Serialized files (Serialized files now loaded: 0)
System memory in use before: 94.2 MB.
System memory in use after: 94.1 MB.

Unloading 33 unused Assets to reduce memory usage. Loaded Objects now: 2533.
Total: 2.357800 ms (FindLiveObjects: 0.218200 ms CreateObjectMapping: 0.061600 ms MarkObjects: 1.936200 ms  DeleteObjects: 0.140400 ms)

========================================================================
Received Import Request.
  path: Assets/Scenes/MainMenu.unity
  artifactKey: Guid(8b484aba6b7000745bf7ee93197b9821) Importer(815301076,1909f56bfc062723c751e8b465ee728b)
Start importing Assets/Scenes/MainMenu.unity using Guid(8b484aba6b7000745bf7ee93197b9821) Importer(815301076,1909f56bfc062723c751e8b465ee728b)  -> (artifact id: '9ba4194bafaece21a2eb3568e2dfb6a5') in 0.011635 seconds
  Import took 0.014747 seconds .

========================================================================
Received Prepare
Registering precompiled user dll's ...
Registered in 0.003998 seconds.
Begin MonoManager ReloadAssembly
Native extension for WindowsStandalone target not found
Refreshing native plugins compatible for Editor in 0.57 ms, found 3 plugins.
Preloading 0 native plugins for Editor in 0.00 ms.
Mono: successfully reloaded assembly
- Completed reload, in  0.830 seconds
Platform modules already initialized, skipping
Refreshing native plugins compatible for Editor in 0.56 ms, found 3 plugins.
Preloading 0 native plugins for Editor in 0.00 ms.
Unloading 2092 Unused Serialized files (Serialized files now loaded: 0)
System memory in use before: 94.2 MB.
System memory in use after: 94.1 MB.

Unloading 21 unused Assets to reduce memory usage. Loaded Objects now: 2537.
Total: 2.010000 ms (FindLiveObjects: 0.187400 ms CreateObjectMapping: 0.054600 ms MarkObjects: 1.667700 ms  DeleteObjects: 0.099200 ms)

========================================================================
Received Prepare
Registering precompiled user dll's ...
Registered in 0.003925 seconds.
Begin MonoManager ReloadAssembly
Native extension for WindowsStandalone target not found
Refreshing native plugins compatible for Editor in 0.55 ms, found 3 plugins.
Preloading 0 native plugins for Editor in 0.00 ms.
Mono: successfully reloaded assembly
- Completed reload, in  0.832 seconds
Platform modules already initialized, skipping
Refreshing native plugins compatible for Editor in 0.52 ms, found 3 plugins.
Preloading 0 native plugins for Editor in 0.00 ms.
Unloading 2092 Unused Serialized files (Serialized files now loaded: 0)
System memory in use before: 94.2 MB.
System memory in use after: 94.2 MB.

Unloading 21 unused Assets to reduce memory usage. Loaded Objects now: 2541.
Total: 2.418700 ms (FindLiveObjects: 0.217900 ms CreateObjectMapping: 0.053000 ms MarkObjects: 2.024300 ms  DeleteObjects: 0.121800 ms)

========================================================================
Received Import Request.
  Time since last request: 110.451756 seconds.
  path: Assets/Scenes/EndScreen.unity
  artifactKey: Guid(e652032223ea3a2429355546a29a373b) Importer(815301076,1909f56bfc062723c751e8b465ee728b)
Start importing Assets/Scenes/EndScreen.unity using Guid(e652032223ea3a2429355546a29a373b) Importer(815301076,1909f56bfc062723c751e8b465ee728b)  -> (artifact id: '777fe0da7e057e8d54bddfb39880f994') in 0.011138 seconds
  Import took 0.014445 seconds .

========================================================================
Received Prepare
Registering precompiled user dll's ...
Registered in 0.003971 seconds.
Begin MonoManager ReloadAssembly
Native extension for WindowsStandalone target not found
Refreshing native plugins compatible for Editor in 0.54 ms, found 3 plugins.
Preloading 0 native plugins for Editor in 0.00 ms.
Mono: successfully reloaded assembly
- Completed reload, in  0.818 seconds
Platform modules already initialized, skipping
Refreshing native plugins compatible for Editor in 0.52 ms, found 3 plugins.
Preloading 0 native plugins for Editor in 0.00 ms.
Unloading 2092 Unused Serialized files (Serialized files now loaded: 0)
System memory in use before: 94.2 MB.
System memory in use after: 94.2 MB.

Unloading 21 unused Assets to reduce memory usage. Loaded Objects now: 2545.
Total: 2.314700 ms (FindLiveObjects: 0.235800 ms CreateObjectMapping: 0.053000 ms MarkObjects: 1.901500 ms  DeleteObjects: 0.122900 ms)

========================================================================
Received Import Request.
  Time since last request: 15.926540 seconds.
  path: Assets/Scenes/MainMenu.unity
  artifactKey: Guid(8b484aba6b7000745bf7ee93197b9821) Importer(815301076,1909f56bfc062723c751e8b465ee728b)
Start importing Assets/Scenes/MainMenu.unity using Guid(8b484aba6b7000745bf7ee93197b9821) Importer(815301076,1909f56bfc062723c751e8b465ee728b)  -> (artifact id: '78168cc37d07265e00ca2d5eee6cbd3b') in 0.010429 seconds
  Import took 0.013678 seconds .

========================================================================
Received Prepare
Registering precompiled user dll's ...
Registered in 0.004285 seconds.
Begin MonoManager ReloadAssembly
Native extension for WindowsStandalone target not found
Refreshing native plugins compatible for Editor in 0.54 ms, found 3 plugins.
Preloading 0 native plugins for Editor in 0.00 ms.
Mono: successfully reloaded assembly
- Completed reload, in  0.832 seconds
Platform modules already initialized, skipping
Refreshing native plugins compatible for Editor in 0.52 ms, found 3 plugins.
Preloading 0 native plugins for Editor in 0.00 ms.
Unloading 2092 Unused Serialized files (Serialized files now loaded: 0)
System memory in use before: 94.3 MB.
System memory in use after: 94.2 MB.

Unloading 21 unused Assets to reduce memory usage. Loaded Objects now: 2549.
Total: 2.561700 ms (FindLiveObjects: 0.217700 ms CreateObjectMapping: 0.056200 ms MarkObjects: 2.165300 ms  DeleteObjects: 0.121400 ms)

========================================================================
Received Import Request.
  Time since last request: 6.971660 seconds.
  path: Assets/Scenes/Level1.unity
  artifactKey: Guid(2cda990e2423bbf4892e6590ba056729) Importer(815301076,1909f56bfc062723c751e8b465ee728b)
Start importing Assets/Scenes/Level1.unity using Guid(2cda990e2423bbf4892e6590ba056729) Importer(815301076,1909f56bfc062723c751e8b465ee728b)  -> (artifact id: 'bc7d4f3094f999d26cddff92f0fd0290') in 0.010422 seconds
  Import took 0.013559 seconds .

========================================================================
Received Prepare
Registering precompiled user dll's ...
Registered in 0.004282 seconds.
Begin MonoManager ReloadAssembly
Native extension for WindowsStandalone target not found
Refreshing native plugins compatible for Editor in 0.57 ms, found 3 plugins.
Preloading 0 native plugins for Editor in 0.00 ms.
Mono: successfully reloaded assembly
- Completed reload, in  0.821 seconds
Platform modules already initialized, skipping
Refreshing native plugins compatible for Editor in 0.52 ms, found 3 plugins.
Preloading 0 native plugins for Editor in 0.00 ms.
Unloading 2092 Unused Serialized files (Serialized files now loaded: 0)
System memory in use before: 94.3 MB.
System memory in use after: 94.3 MB.

Unloading 21 unused Assets to reduce memory usage. Loaded Objects now: 2553.
Total: 2.508200 ms (FindLiveObjects: 0.211700 ms CreateObjectMapping: 0.052300 ms MarkObjects: 2.122300 ms  DeleteObjects: 0.120500 ms)

========================================================================
Received Import Request.
  Time since last request: 24.188315 seconds.
  path: Assets/Scenes/EndScreen.unity
  artifactKey: Guid(e652032223ea3a2429355546a29a373b) Importer(815301076,1909f56bfc062723c751e8b465ee728b)
Start importing Assets/Scenes/EndScreen.unity using Guid(e652032223ea3a2429355546a29a373b) Importer(815301076,1909f56bfc062723c751e8b465ee728b)  -> (artifact id: 'a486cbdc54b963e1129393365fe778bb') in 0.011030 seconds
  Import took 0.014346 seconds .

========================================================================
Received Import Request.
  Time since last request: 54.990393 seconds.
  path: Assets/Scenes/MainMenu.unity
  artifactKey: Guid(8b484aba6b7000745bf7ee93197b9821) Importer(815301076,1909f56bfc062723c751e8b465ee728b)
Start importing Assets/Scenes/MainMenu.unity using Guid(8b484aba6b7000745bf7ee93197b9821) Importer(815301076,1909f56bfc062723c751e8b465ee728b)  -> (artifact id: '48930156183a3f12bd2ff13ec98634ce') in 0.001989 seconds
  Import took 0.018489 seconds .

========================================================================
Received Prepare
Registering precompiled user dll's ...
Registered in 0.004045 seconds.
Begin MonoManager ReloadAssembly
Native extension for WindowsStandalone target not found
Refreshing native plugins compatible for Editor in 0.59 ms, found 3 plugins.
Preloading 0 native plugins for Editor in 0.00 ms.
Mono: successfully reloaded assembly
- Completed reload, in  0.820 seconds
Platform modules already initialized, skipping
Refreshing native plugins compatible for Editor in 0.55 ms, found 3 plugins.
Preloading 0 native plugins for Editor in 0.00 ms.
Unloading 2092 Unused Serialized files (Serialized files now loaded: 0)
System memory in use before: 94.3 MB.
System memory in use after: 94.3 MB.

Unloading 21 unused Assets to reduce memory usage. Loaded Objects now: 2557.
Total: 2.343800 ms (FindLiveObjects: 0.226600 ms CreateObjectMapping: 0.053400 ms MarkObjects: 1.938700 ms  DeleteObjects: 0.123800 ms)

========================================================================
Received Prepare
Registering precompiled user dll's ...
Registered in 0.003974 seconds.
Begin MonoManager ReloadAssembly
Native extension for WindowsStandalone target not found
Refreshing native plugins compatible for Editor in 0.55 ms, found 3 plugins.
Preloading 0 native plugins for Editor in 0.00 ms.
Mono: successfully reloaded assembly
- Completed reload, in  0.802 seconds
Platform modules already initialized, skipping
Refreshing native plugins compatible for Editor in 0.57 ms, found 3 plugins.
Preloading 0 native plugins for Editor in 0.00 ms.
Unloading 2092 Unused Serialized files (Serialized files now loaded: 0)
System memory in use before: 94.3 MB.
System memory in use after: 94.3 MB.

Unloading 21 unused Assets to reduce memory usage. Loaded Objects now: 2561.
Total: 2.079900 ms (FindLiveObjects: 0.223000 ms CreateObjectMapping: 0.062600 ms MarkObjects: 1.679200 ms  DeleteObjects: 0.114100 ms)

========================================================================
Received Prepare
Registering precompiled user dll's ...
Registered in 0.003981 seconds.
Begin MonoManager ReloadAssembly
Native extension for WindowsStandalone target not found
Refreshing native plugins compatible for Editor in 0.56 ms, found 3 plugins.
Preloading 0 native plugins for Editor in 0.00 ms.
Mono: successfully reloaded assembly
- Completed reload, in  0.835 seconds
Platform modules already initialized, skipping
Refreshing native plugins compatible for Editor in 0.51 ms, found 3 plugins.
Preloading 0 native plugins for Editor in 0.00 ms.
Unloading 2092 Unused Serialized files (Serialized files now loaded: 0)
System memory in use before: 94.3 MB.
System memory in use after: 94.3 MB.

Unloading 21 unused Assets to reduce memory usage. Loaded Objects now: 2565.
Total: 2.291100 ms (FindLiveObjects: 0.241000 ms CreateObjectMapping: 0.070300 ms MarkObjects: 1.847100 ms  DeleteObjects: 0.131800 ms)

========================================================================
Received Import Request.
  Time since last request: 602.911218 seconds.
  path: Assets/Scripts/cameraController.cs
  artifactKey: Guid(16315b29626e8da489c9c0a5f23d4adf) Importer(815301076,1909f56bfc062723c751e8b465ee728b)
Start importing Assets/Scripts/cameraController.cs using Guid(16315b29626e8da489c9c0a5f23d4adf) Importer(815301076,1909f56bfc062723c751e8b465ee728b)  -> (artifact id: '0056070fcf79910146af87df1e3ae705') in 0.037394 seconds
  Import took 0.040801 seconds .

========================================================================
Received Import Request.
  Time since last request: 18.306024 seconds.
  path: Assets/Scenes/EndScreen.unity
  artifactKey: Guid(e652032223ea3a2429355546a29a373b) Importer(815301076,1909f56bfc062723c751e8b465ee728b)
Start importing Assets/Scenes/EndScreen.unity using Guid(e652032223ea3a2429355546a29a373b) Importer(815301076,1909f56bfc062723c751e8b465ee728b)  -> (artifact id: 'b47560b1768a5f6518b6e442fdc957f0') in 0.008870 seconds
  Import took 0.012008 seconds .

========================================================================
Received Prepare
Registering precompiled user dll's ...
Registered in 0.003906 seconds.
Begin MonoManager ReloadAssembly
Native extension for WindowsStandalone target not found
Refreshing native plugins compatible for Editor in 0.55 ms, found 3 plugins.
Preloading 0 native plugins for Editor in 0.00 ms.
Mono: successfully reloaded assembly
- Completed reload, in  0.823 seconds
Platform modules already initialized, skipping
Refreshing native plugins compatible for Editor in 0.53 ms, found 3 plugins.
Preloading 0 native plugins for Editor in 0.00 ms.
Unloading 2092 Unused Serialized files (Serialized files now loaded: 0)
System memory in use before: 94.3 MB.
System memory in use after: 94.3 MB.

Unloading 21 unused Assets to reduce memory usage. Loaded Objects now: 2569.
Total: 2.301000 ms (FindLiveObjects: 0.240600 ms CreateObjectMapping: 0.055000 ms MarkObjects: 1.887200 ms  DeleteObjects: 0.117300 ms)

========================================================================
Received Prepare
Registering precompiled user dll's ...
Registered in 0.004112 seconds.
Begin MonoManager ReloadAssembly
Native extension for WindowsStandalone target not found
Refreshing native plugins compatible for Editor in 0.53 ms, found 3 plugins.
Preloading 0 native plugins for Editor in 0.00 ms.
Mono: successfully reloaded assembly
- Completed reload, in  0.810 seconds
Platform modules already initialized, skipping
Refreshing native plugins compatible for Editor in 0.53 ms, found 3 plugins.
Preloading 0 native plugins for Editor in 0.00 ms.
Unloading 2092 Unused Serialized files (Serialized files now loaded: 0)
System memory in use before: 94.3 MB.
System memory in use after: 94.3 MB.

Unloading 21 unused Assets to reduce memory usage. Loaded Objects now: 2573.
Total: 2.117100 ms (FindLiveObjects: 0.244700 ms CreateObjectMapping: 0.053100 ms MarkObjects: 1.708100 ms  DeleteObjects: 0.110100 ms)

========================================================================
Received Prepare
Refreshing native plugins compatible for Editor in 4.29 ms, found 3 plugins.
Preloading 0 native plugins for Editor in 0.00 ms.
Unloading 19 Unused Serialized files (Serialized files now loaded: 0)
System memory in use before: 52.7 MB.
System memory in use after: 52.7 MB.

Unloading 19 unused Assets to reduce memory usage. Loaded Objects now: 2573.
Total: 2.064900 ms (FindLiveObjects: 0.216000 ms CreateObjectMapping: 0.051800 ms MarkObjects: 1.694400 ms  DeleteObjects: 0.102100 ms)

========================================================================
Received Prepare
Registering precompiled user dll's ...
Registered in 0.004114 seconds.
Begin MonoManager ReloadAssembly
Native extension for WindowsStandalone target not found
Refreshing native plugins compatible for Editor in 0.53 ms, found 3 plugins.
Preloading 0 native plugins for Editor in 0.00 ms.
Mono: successfully reloaded assembly
- Completed reload, in  0.826 seconds
Platform modules already initialized, skipping
Refreshing native plugins compatible for Editor in 0.54 ms, found 3 plugins.
Preloading 0 native plugins for Editor in 0.00 ms.
Unloading 2092 Unused Serialized files (Serialized files now loaded: 0)
System memory in use before: 94.4 MB.
System memory in use after: 94.3 MB.

Unloading 21 unused Assets to reduce memory usage. Loaded Objects now: 2577.
Total: 2.309400 ms (FindLiveObjects: 0.199200 ms CreateObjectMapping: 0.052900 ms MarkObjects: 1.935500 ms  DeleteObjects: 0.120500 ms)

========================================================================
Received Prepare
Refreshing native plugins compatible for Editor in 4.25 ms, found 3 plugins.
Preloading 0 native plugins for Editor in 0.00 ms.
Unloading 19 Unused Serialized files (Serialized files now loaded: 0)
System memory in use before: 52.7 MB.
System memory in use after: 52.7 MB.

Unloading 19 unused Assets to reduce memory usage. Loaded Objects now: 2577.
Total: 2.111400 ms (FindLiveObjects: 0.234400 ms CreateObjectMapping: 0.065600 ms MarkObjects: 1.713500 ms  DeleteObjects: 0.096900 ms)

========================================================================
Received Prepare
Registering precompiled user dll's ...
Registered in 0.003950 seconds.
Begin MonoManager ReloadAssembly
Native extension for WindowsStandalone target not found
Refreshing native plugins compatible for Editor in 0.55 ms, found 3 plugins.
Preloading 0 native plugins for Editor in 0.00 ms.
Mono: successfully reloaded assembly
- Completed reload, in  0.810 seconds
Platform modules already initialized, skipping
Refreshing native plugins compatible for Editor in 0.52 ms, found 3 plugins.
Preloading 0 native plugins for Editor in 0.00 ms.
Unloading 2092 Unused Serialized files (Serialized files now loaded: 0)
System memory in use before: 94.4 MB.
System memory in use after: 94.3 MB.

Unloading 21 unused Assets to reduce memory usage. Loaded Objects now: 2581.
Total: 2.180100 ms (FindLiveObjects: 0.200700 ms CreateObjectMapping: 0.052300 ms MarkObjects: 1.812300 ms  DeleteObjects: 0.113500 ms)

========================================================================
Received Prepare
Refreshing native plugins compatible for Editor in 4.27 ms, found 3 plugins.
Preloading 0 native plugins for Editor in 0.00 ms.
Unloading 19 Unused Serialized files (Serialized files now loaded: 0)
System memory in use before: 52.7 MB.
System memory in use after: 52.7 MB.

Unloading 19 unused Assets to reduce memory usage. Loaded Objects now: 2581.
Total: 2.093200 ms (FindLiveObjects: 0.215200 ms CreateObjectMapping: 0.051500 ms MarkObjects: 1.714100 ms  DeleteObjects: 0.111300 ms)

========================================================================
Received Prepare
Refreshing native plugins compatible for Editor in 4.21 ms, found 3 plugins.
Preloading 0 native plugins for Editor in 0.00 ms.
Unloading 19 Unused Serialized files (Serialized files now loaded: 0)
System memory in use before: 52.7 MB.
System memory in use after: 52.7 MB.

Unloading 19 unused Assets to reduce memory usage. Loaded Objects now: 2581.
Total: 2.081200 ms (FindLiveObjects: 0.212000 ms CreateObjectMapping: 0.051400 ms MarkObjects: 1.720400 ms  DeleteObjects: 0.096600 ms)

========================================================================
Received Prepare
Registering precompiled user dll's ...
Registered in 0.003983 seconds.
Begin MonoManager ReloadAssembly
Native extension for WindowsStandalone target not found
Refreshing native plugins compatible for Editor in 0.58 ms, found 3 plugins.
Preloading 0 native plugins for Editor in 0.00 ms.
Mono: successfully reloaded assembly
- Completed reload, in  0.813 seconds
Platform modules already initialized, skipping
Refreshing native plugins compatible for Editor in 0.52 ms, found 3 plugins.
Preloading 0 native plugins for Editor in 0.00 ms.
Unloading 2092 Unused Serialized files (Serialized files now loaded: 0)
System memory in use before: 94.4 MB.
System memory in use after: 94.4 MB.

Unloading 21 unused Assets to reduce memory usage. Loaded Objects now: 2585.
Total: 2.104000 ms (FindLiveObjects: 0.206100 ms CreateObjectMapping: 0.068200 ms MarkObjects: 1.716200 ms  DeleteObjects: 0.112300 ms)

========================================================================
Received Import Request.
  Time since last request: 438.049234 seconds.
  path: Assets/Scenes/Level3.unity
  artifactKey: Guid(90c09d1e622a8bd4d80c235eee256793) Importer(815301076,1909f56bfc062723c751e8b465ee728b)
Start importing Assets/Scenes/Level3.unity using Guid(90c09d1e622a8bd4d80c235eee256793) Importer(815301076,1909f56bfc062723c751e8b465ee728b)  -> (artifact id: 'd9543864fde30f773726cc10377d69ec') in 0.014313 seconds
  Import took 0.017538 seconds .

========================================================================
Received Import Request.
  Time since last request: 20.814960 seconds.
  path: Assets/Scenes/MainMenu.unity
  artifactKey: Guid(8b484aba6b7000745bf7ee93197b9821) Importer(815301076,1909f56bfc062723c751e8b465ee728b)
Start importing Assets/Scenes/MainMenu.unity using Guid(8b484aba6b7000745bf7ee93197b9821) Importer(815301076,1909f56bfc062723c751e8b465ee728b)  -> (artifact id: '7a20cbab80fe5391320b036b90fb7e62') in 0.002283 seconds
  Import took 0.005188 seconds .

========================================================================
Received Prepare
Refreshing native plugins compatible for Editor in 4.18 ms, found 3 plugins.
Preloading 0 native plugins for Editor in 0.00 ms.
Unloading 19 Unused Serialized files (Serialized files now loaded: 0)
System memory in use before: 52.8 MB.
System memory in use after: 52.7 MB.

Unloading 19 unused Assets to reduce memory usage. Loaded Objects now: 2585.
Total: 2.340800 ms (FindLiveObjects: 0.211600 ms CreateObjectMapping: 0.052100 ms MarkObjects: 1.979800 ms  DeleteObjects: 0.096500 ms)

========================================================================
Received Import Request.
  Time since last request: 180.658366 seconds.
  path: Assets/Scenes/Level2.unity
  artifactKey: Guid(dd1549ea5a6b2ab4e9679a0fb6b52e49) Importer(815301076,1909f56bfc062723c751e8b465ee728b)
Start importing Assets/Scenes/Level2.unity using Guid(dd1549ea5a6b2ab4e9679a0fb6b52e49) Importer(815301076,1909f56bfc062723c751e8b465ee728b)  -> (artifact id: 'a6254998f52b8ba13caa0a5c8ca4578b') in 0.002775 seconds
  Import took 0.005998 seconds .

========================================================================
Received Prepare
Refreshing native plugins compatible for Editor in 4.56 ms, found 3 plugins.
Preloading 0 native plugins for Editor in 0.00 ms.
Unloading 19 Unused Serialized files (Serialized files now loaded: 0)
System memory in use before: 52.8 MB.
System memory in use after: 52.7 MB.

Unloading 19 unused Assets to reduce memory usage. Loaded Objects now: 2585.
Total: 2.611100 ms (FindLiveObjects: 0.215900 ms CreateObjectMapping: 0.051000 ms MarkObjects: 2.243600 ms  DeleteObjects: 0.099800 ms)

AssetImportWorkerClient::OnTransportError - code=2 error=End of file
